<?xml version="1.0" encoding="UTF-8"?>
<testng-results skipped="0" failed="0" total="1" passed="1">
  <reporter-output>
  </reporter-output>
  <suite name="Default suite" duration-ms="7395" started-at="2019-04-14T19:55:57Z" finished-at="2019-04-14T19:56:05Z">
    <groups>
    </groups>
    <test name="Default test" duration-ms="7395" started-at="2019-04-14T19:55:57Z" finished-at="2019-04-14T19:56:05Z">
      <class name="testcases.TestCase">
        <test-method status="PASS" signature="browserOpen()[pri:0, instance:testcases.TestCase@5474c6c]" name="browserOpen" is-config="true" duration-ms="7219" started-at="2019-04-14T12:55:57Z" finished-at="2019-04-14T12:56:04Z">
          <reporter-output>
          </reporter-output>
        </test-method> <!-- browserOpen -->
        <test-method status="PASS" signature="test()[pri:0, instance:testcases.TestCase@5474c6c]" name="test" duration-ms="161" started-at="2019-04-14T12:56:04Z" finished-at="2019-04-14T12:56:05Z">
          <reporter-output>
          </reporter-output>
        </test-method> <!-- test -->
      </class> <!-- testcases.TestCase -->
    </test> <!-- Default test -->
  </suite> <!-- Default suite -->
</testng-results>
